# JRE version: OpenJDK Runtime Environment (8.0_242-b01) (build 1.8.0_242-release-1644-b01)
# Java VM: OpenJDK 64-Bit Server VM (25.242-b01 mixed mode windows-amd64 compressed oops)
Heap:
 PSYoungGen      total 394752K, used 191378K [0x00000000d5580000, 0x00000000eea80000, 0x0000000100000000)
  eden space 375296K, 50% used [0x00000000d5580000,0x00000000e10648b8,0x00000000ec400000)
  from space 19456K, 0% used [0x00000000ec480000,0x00000000ec480000,0x00000000ed780000)
  to   space 15360K, 0% used [0x00000000edb80000,0x00000000edb80000,0x00000000eea80000)
 ParOldGen       total 86528K, used 38683K [0x0000000080000000, 0x0000000085480000, 0x00000000d5580000)
  object space 86528K, 44% used [0x0000000080000000,0x00000000825c6d28,0x0000000085480000)
 Metaspace       used 66450K, capacity 69458K, committed 69656K, reserved 1110016K
  class space    used 9139K, capacity 9736K, committed 9760K, reserved 1048576K
GC Heap History (10 events):
Event: 7.438 GC heap before
{Heap before GC invocations=8 (full 1):
 PSYoungGen      total 236032K, used 44168K [0x00000000d5580000, 0x00000000e7280000, 0x0000000100000000)
  eden space 223232K, 14% used [0x00000000d5580000,0x00000000d7426300,0x00000000e2f80000)
  from space 12800K, 99% used [0x00000000e6600000,0x00000000e727bd70,0x00000000e7280000)
  to   space 16384K, 0% used [0x00000000e5280000,0x00000000e5280000,0x00000000e6280000)
 ParOldGen       total 61952K, used 13651K [0x0000000080000000, 0x0000000083c80000, 0x00000000d5580000)
  object space 61952K, 22% used [0x0000000080000000,0x0000000080d54e60,0x0000000083c80000)
 Metaspace       used 34283K, capacity 35412K, committed 35496K, reserved 1079296K
  class space    used 4718K, capacity 5001K, committed 5040K, reserved 1048576K
Event: 7.462 GC heap after
Heap after GC invocations=8 (full 1):
 PSYoungGen      total 275456K, used 8747K [0x00000000d5580000, 0x00000000eea80000, 0x0000000100000000)
  eden space 259072K, 0% used [0x00000000d5580000,0x00000000d5580000,0x00000000e5280000)
  from space 16384K, 53% used [0x00000000e5280000,0x00000000e5b0af08,0x00000000e6280000)
  to   space 15360K, 0% used [0x00000000edb80000,0x00000000edb80000,0x00000000eea80000)
 ParOldGen       total 61952K, used 13659K [0x0000000080000000, 0x0000000083c80000, 0x00000000d5580000)
  object space 61952K, 22% used [0x0000000080000000,0x0000000080d56e60,0x0000000083c80000)
 Metaspace       used 34283K, capacity 35412K, committed 35496K, reserved 1079296K
  class space    used 4718K, capacity 5001K, committed 5040K, reserved 1048576K
}
Event: 7.462 GC heap before
{Heap before GC invocations=9 (full 2):
 PSYoungGen      total 275456K, used 8747K [0x00000000d5580000, 0x00000000eea80000, 0x0000000100000000)
  eden space 259072K, 0% used [0x00000000d5580000,0x00000000d5580000,0x00000000e5280000)
  from space 16384K, 53% used [0x00000000e5280000,0x00000000e5b0af08,0x00000000e6280000)
  to   space 15360K, 0% used [0x00000000edb80000,0x00000000edb80000,0x00000000eea80000)
 ParOldGen       total 61952K, used 13659K [0x0000000080000000, 0x0000000083c80000, 0x00000000d5580000)
  object space 61952K, 22% used [0x0000000080000000,0x0000000080d56e60,0x0000000083c80000)
 Metaspace       used 34283K, capacity 35412K, committed 35496K, reserved 1079296K
  class space    used 4718K, capacity 5001K, committed 5040K, reserved 1048576K
Event: 7.609 GC heap after
Heap after GC invocations=9 (full 2):
 PSYoungGen      total 275456K, used 0K [0x00000000d5580000, 0x00000000eea80000, 0x0000000100000000)
  eden space 259072K, 0% used [0x00000000d5580000,0x00000000d5580000,0x00000000e5280000)
  from space 16384K, 0% used [0x00000000e5280000,0x00000000e5280000,0x00000000e6280000)
  to   space 15360K, 0% used [0x00000000edb80000,0x00000000edb80000,0x00000000eea80000)
 ParOldGen       total 86528K, used 15209K [0x0000000080000000, 0x0000000085480000, 0x00000000d5580000)
  object space 86528K, 17% used [0x0000000080000000,0x0000000080eda700,0x0000000085480000)
 Metaspace       used 34283K, capacity 35412K, committed 35496K, reserved 1079296K
  class space    used 4718K, capacity 5001K, committed 5040K, reserved 1048576K
}
Event: 10.996 GC heap before
{Heap before GC invocations=10 (full 2):
 PSYoungGen      total 275456K, used 259072K [0x00000000d5580000, 0x00000000eea80000, 0x0000000100000000)
  eden space 259072K, 100% used [0x00000000d5580000,0x00000000e5280000,0x00000000e5280000)
  from space 16384K, 0% used [0x00000000e5280000,0x00000000e5280000,0x00000000e6280000)
  to   space 15360K, 0% used [0x00000000edb80000,0x00000000edb80000,0x00000000eea80000)
 ParOldGen       total 86528K, used 15209K [0x0000000080000000, 0x0000000085480000, 0x00000000d5580000)
  object space 86528K, 17% used [0x0000000080000000,0x0000000080eda700,0x0000000085480000)
 Metaspace       used 46466K, capacity 48244K, committed 48424K, reserved 1091584K
  class space    used 6268K, capacity 6616K, committed 6704K, reserved 1048576K
Event: 11.028 GC heap after
Heap after GC invocations=10 (full 2):
 PSYoungGen      total 390656K, used 15349K [0x00000000d5580000, 0x00000000eea80000, 0x0000000100000000)
  eden space 375296K, 0% used [0x00000000d5580000,0x00000000d5580000,0x00000000ec400000)
  from space 15360K, 99% used [0x00000000edb80000,0x00000000eea7d6f0,0x00000000eea80000)
  to   space 19456K, 0% used [0x00000000ec480000,0x00000000ec480000,0x00000000ed780000)
 ParOldGen       total 86528K, used 18972K [0x0000000080000000, 0x0000000085480000, 0x00000000d5580000)
  object space 86528K, 21% used [0x0000000080000000,0x00000000812873c0,0x0000000085480000)
 Metaspace       used 46466K, capacity 48244K, committed 48424K, reserved 1091584K
  class space    used 6268K, capacity 6616K, committed 6704K, reserved 1048576K
}
Event: 13.789 GC heap before
{Heap before GC invocations=11 (full 2):
 PSYoungGen      total 390656K, used 155447K [0x00000000d5580000, 0x00000000eea80000, 0x0000000100000000)
  eden space 375296K, 37% used [0x00000000d5580000,0x00000000dde505a8,0x00000000ec400000)
  from space 15360K, 99% used [0x00000000edb80000,0x00000000eea7d6f0,0x00000000eea80000)
  to   space 19456K, 0% used [0x00000000ec480000,0x00000000ec480000,0x00000000ed780000)
 ParOldGen       total 86528K, used 18972K [0x0000000080000000, 0x0000000085480000, 0x00000000d5580000)
  object space 86528K, 21% used [0x0000000080000000,0x00000000812873c0,0x0000000085480000)
 Metaspace       used 56910K, capacity 59084K, committed 59160K, reserved 1099776K
  class space    used 7705K, capacity 8177K, committed 8224K, reserved 1048576K
Event: 13.821 GC heap after
Heap after GC invocations=11 (full 2):
 PSYoungGen      total 394752K, used 19449K [0x00000000d5580000, 0x00000000eea80000, 0x0000000100000000)
  eden space 375296K, 0% used [0x00000000d5580000,0x00000000d5580000,0x00000000ec400000)
  from space 19456K, 99% used [0x00000000ec480000,0x00000000ed77e438,0x00000000ed780000)
  to   space 15360K, 0% used [0x00000000edb80000,0x00000000edb80000,0x00000000eea80000)
 ParOldGen       total 86528K, used 25866K [0x0000000080000000, 0x0000000085480000, 0x00000000d5580000)
  object space 86528K, 29% used [0x0000000080000000,0x0000000081942a30,0x0000000085480000)
 Metaspace       used 56910K, capacity 59084K, committed 59160K, reserved 1099776K
  class space    used 7705K, capacity 8177K, committed 8224K, reserved 1048576K
}
Event: 13.821 GC heap before
{Heap before GC invocations=12 (full 3):
 PSYoungGen      total 394752K, used 19449K [0x00000000d5580000, 0x00000000eea80000, 0x0000000100000000)
  eden space 375296K, 0% used [0x00000000d5580000,0x00000000d5580000,0x00000000ec400000)
  from space 19456K, 99% used [0x00000000ec480000,0x00000000ed77e438,0x00000000ed780000)
  to   space 15360K, 0% used [0x00000000edb80000,0x00000000edb80000,0x00000000eea80000)
 ParOldGen       total 86528K, used 25866K [0x0000000080000000, 0x0000000085480000, 0x00000000d5580000)
  object space 86528K, 29% used [0x0000000080000000,0x0000000081942a30,0x0000000085480000)
 Metaspace       used 56910K, capacity 59084K, committed 59160K, reserved 1099776K
  class space    used 7705K, capacity 8177K, committed 8224K, reserved 1048576K
Event: 14.179 GC heap after
Heap after GC invocations=12 (full 3):
 PSYoungGen      total 394752K, used 0K [0x00000000d5580000, 0x00000000eea80000, 0x0000000100000000)
  eden space 375296K, 0% used [0x00000000d5580000,0x00000000d5580000,0x00000000ec400000)
  from space 19456K, 0% used [0x00000000ec480000,0x00000000ec480000,0x00000000ed780000)
  to   space 15360K, 0% used [0x00000000edb80000,0x00000000edb80000,0x00000000eea80000)
 ParOldGen       total 86528K, used 38683K [0x0000000080000000, 0x0000000085480000, 0x00000000d5580000)
  object space 86528K, 44% used [0x0000000080000000,0x00000000825c6d28,0x0000000085480000)
 Metaspace       used 56902K, capacity 59054K, committed 59160K, reserved 1099776K
  class space    used 7703K, capacity 8172K, committed 8224K, reserved 1048576K
}

