# JRE version: OpenJDK Runtime Environment (8.0_242-b01) (build 1.8.0_242-release-1644-b01)
# Java VM: OpenJDK 64-Bit Server VM (25.242-b01 mixed mode windows-amd64 compressed oops)
Heap:
 PSYoungGen      total 411136K, used 33477K [0x00000000d5580000, 0x00000000f0b00000, 0x0000000100000000)
  eden space 391680K, 8% used [0x00000000d5580000,0x00000000d76317a0,0x00000000ed400000)
  from space 19456K, 0% used [0x00000000ee500000,0x00000000ee500000,0x00000000ef800000)
  to   space 15872K, 0% used [0x00000000efb80000,0x00000000efb80000,0x00000000f0b00000)
 ParOldGen       total 81408K, used 39383K [0x0000000080000000, 0x0000000084f80000, 0x00000000d5580000)
  object space 81408K, 48% used [0x0000000080000000,0x0000000082675f60,0x0000000084f80000)
 Metaspace       used 58535K, capacity 60910K, committed 60968K, reserved 1101824K
  class space    used 7987K, capacity 8464K, committed 8496K, reserved 1048576K
GC Heap History (10 events):
Event: 5.879 GC heap before
{Heap before GC invocations=8 (full 1):
 PSYoungGen      total 243712K, used 44127K [0x00000000d5580000, 0x00000000e7280000, 0x0000000100000000)
  eden space 230912K, 13% used [0x00000000d5580000,0x00000000d741a1f8,0x00000000e3700000)
  from space 12800K, 99% used [0x00000000e6600000,0x00000000e727dba8,0x00000000e7280000)
  to   space 16384K, 0% used [0x00000000e5280000,0x00000000e5280000,0x00000000e6280000)
 ParOldGen       total 55808K, used 8904K [0x0000000080000000, 0x0000000083680000, 0x00000000d5580000)
  object space 55808K, 15% used [0x0000000080000000,0x00000000808b2068,0x0000000083680000)
 Metaspace       used 34265K, capacity 35412K, committed 35496K, reserved 1079296K
  class space    used 4721K, capacity 5001K, committed 5040K, reserved 1048576K
Event: 5.918 GC heap after
Heap after GC invocations=8 (full 1):
 PSYoungGen      total 275456K, used 8811K [0x00000000d5580000, 0x00000000f0b00000, 0x0000000100000000)
  eden space 259072K, 0% used [0x00000000d5580000,0x00000000d5580000,0x00000000e5280000)
  from space 16384K, 53% used [0x00000000e5280000,0x00000000e5b1af08,0x00000000e6280000)
  to   space 15872K, 0% used [0x00000000efb80000,0x00000000efb80000,0x00000000f0b00000)
 ParOldGen       total 55808K, used 8904K [0x0000000080000000, 0x0000000083680000, 0x00000000d5580000)
  object space 55808K, 15% used [0x0000000080000000,0x00000000808b2068,0x0000000083680000)
 Metaspace       used 34265K, capacity 35412K, committed 35496K, reserved 1079296K
  class space    used 4721K, capacity 5001K, committed 5040K, reserved 1048576K
}
Event: 5.918 GC heap before
{Heap before GC invocations=9 (full 2):
 PSYoungGen      total 275456K, used 8811K [0x00000000d5580000, 0x00000000f0b00000, 0x0000000100000000)
  eden space 259072K, 0% used [0x00000000d5580000,0x00000000d5580000,0x00000000e5280000)
  from space 16384K, 53% used [0x00000000e5280000,0x00000000e5b1af08,0x00000000e6280000)
  to   space 15872K, 0% used [0x00000000efb80000,0x00000000efb80000,0x00000000f0b00000)
 ParOldGen       total 55808K, used 8904K [0x0000000080000000, 0x0000000083680000, 0x00000000d5580000)
  object space 55808K, 15% used [0x0000000080000000,0x00000000808b2068,0x0000000083680000)
 Metaspace       used 34265K, capacity 35412K, committed 35496K, reserved 1079296K
  class space    used 4721K, capacity 5001K, committed 5040K, reserved 1048576K
Event: 6.037 GC heap after
Heap after GC invocations=9 (full 2):
 PSYoungGen      total 275456K, used 0K [0x00000000d5580000, 0x00000000f0b00000, 0x0000000100000000)
  eden space 259072K, 0% used [0x00000000d5580000,0x00000000d5580000,0x00000000e5280000)
  from space 16384K, 0% used [0x00000000e5280000,0x00000000e5280000,0x00000000e6280000)
  to   space 15872K, 0% used [0x00000000efb80000,0x00000000efb80000,0x00000000f0b00000)
 ParOldGen       total 81408K, used 15152K [0x0000000080000000, 0x0000000084f80000, 0x00000000d5580000)
  object space 81408K, 18% used [0x0000000080000000,0x0000000080ecc030,0x0000000084f80000)
 Metaspace       used 34265K, capacity 35412K, committed 35496K, reserved 1079296K
  class space    used 4721K, capacity 5001K, committed 5040K, reserved 1048576K
}
Event: 8.322 GC heap before
{Heap before GC invocations=10 (full 2):
 PSYoungGen      total 275456K, used 259072K [0x00000000d5580000, 0x00000000f0b00000, 0x0000000100000000)
  eden space 259072K, 100% used [0x00000000d5580000,0x00000000e5280000,0x00000000e5280000)
  from space 16384K, 0% used [0x00000000e5280000,0x00000000e5280000,0x00000000e6280000)
  to   space 15872K, 0% used [0x00000000efb80000,0x00000000efb80000,0x00000000f0b00000)
 ParOldGen       total 81408K, used 15152K [0x0000000080000000, 0x0000000084f80000, 0x00000000d5580000)
  object space 81408K, 18% used [0x0000000080000000,0x0000000080ecc030,0x0000000084f80000)
 Metaspace       used 45387K, capacity 47132K, committed 47528K, reserved 1089536K
  class space    used 6135K, capacity 6476K, committed 6576K, reserved 1048576K
Event: 8.343 GC heap after
Heap after GC invocations=10 (full 2):
 PSYoungGen      total 407552K, used 15868K [0x00000000d5580000, 0x00000000f0b00000, 0x0000000100000000)
  eden space 391680K, 0% used [0x00000000d5580000,0x00000000d5580000,0x00000000ed400000)
  from space 15872K, 99% used [0x00000000efb80000,0x00000000f0aff038,0x00000000f0b00000)
  to   space 19456K, 0% used [0x00000000ee500000,0x00000000ee500000,0x00000000ef800000)
 ParOldGen       total 81408K, used 17489K [0x0000000080000000, 0x0000000084f80000, 0x00000000d5580000)
  object space 81408K, 21% used [0x0000000080000000,0x0000000081114620,0x0000000084f80000)
 Metaspace       used 45387K, capacity 47132K, committed 47528K, reserved 1089536K
  class space    used 6135K, capacity 6476K, committed 6576K, reserved 1048576K
}
Event: 11.176 GC heap before
{Heap before GC invocations=11 (full 2):
 PSYoungGen      total 407552K, used 169640K [0x00000000d5580000, 0x00000000f0b00000, 0x0000000100000000)
  eden space 391680K, 39% used [0x00000000d5580000,0x00000000debab150,0x00000000ed400000)
  from space 15872K, 99% used [0x00000000efb80000,0x00000000f0aff038,0x00000000f0b00000)
  to   space 19456K, 0% used [0x00000000ee500000,0x00000000ee500000,0x00000000ef800000)
 ParOldGen       total 81408K, used 17489K [0x0000000080000000, 0x0000000084f80000, 0x00000000d5580000)
  object space 81408K, 21% used [0x0000000080000000,0x0000000081114620,0x0000000084f80000)
 Metaspace       used 56946K, capacity 59082K, committed 59160K, reserved 1099776K
  class space    used 7716K, capacity 8178K, committed 8240K, reserved 1048576K
Event: 11.212 GC heap after
Heap after GC invocations=11 (full 2):
 PSYoungGen      total 411136K, used 19429K [0x00000000d5580000, 0x00000000f0b00000, 0x0000000100000000)
  eden space 391680K, 0% used [0x00000000d5580000,0x00000000d5580000,0x00000000ed400000)
  from space 19456K, 99% used [0x00000000ee500000,0x00000000ef7f9560,0x00000000ef800000)
  to   space 15872K, 0% used [0x00000000efb80000,0x00000000efb80000,0x00000000f0b00000)
 ParOldGen       total 81408K, used 25073K [0x0000000080000000, 0x0000000084f80000, 0x00000000d5580000)
  object space 81408K, 30% used [0x0000000080000000,0x000000008187c600,0x0000000084f80000)
 Metaspace       used 56946K, capacity 59082K, committed 59160K, reserved 1099776K
  class space    used 7716K, capacity 8178K, committed 8240K, reserved 1048576K
}
Event: 11.212 GC heap before
{Heap before GC invocations=12 (full 3):
 PSYoungGen      total 411136K, used 19429K [0x00000000d5580000, 0x00000000f0b00000, 0x0000000100000000)
  eden space 391680K, 0% used [0x00000000d5580000,0x00000000d5580000,0x00000000ed400000)
  from space 19456K, 99% used [0x00000000ee500000,0x00000000ef7f9560,0x00000000ef800000)
  to   space 15872K, 0% used [0x00000000efb80000,0x00000000efb80000,0x00000000f0b00000)
 ParOldGen       total 81408K, used 25073K [0x0000000080000000, 0x0000000084f80000, 0x00000000d5580000)
  object space 81408K, 30% used [0x0000000080000000,0x000000008187c600,0x0000000084f80000)
 Metaspace       used 56946K, capacity 59082K, committed 59160K, reserved 1099776K
  class space    used 7716K, capacity 8178K, committed 8240K, reserved 1048576K
Event: 11.501 GC heap after
Heap after GC invocations=12 (full 3):
 PSYoungGen      total 411136K, used 0K [0x00000000d5580000, 0x00000000f0b00000, 0x0000000100000000)
  eden space 391680K, 0% used [0x00000000d5580000,0x00000000d5580000,0x00000000ed400000)
  from space 19456K, 0% used [0x00000000ee500000,0x00000000ee500000,0x00000000ef800000)
  to   space 15872K, 0% used [0x00000000efb80000,0x00000000efb80000,0x00000000f0b00000)
 ParOldGen       total 81408K, used 39383K [0x0000000080000000, 0x0000000084f80000, 0x00000000d5580000)
  object space 81408K, 48% used [0x0000000080000000,0x0000000082675f60,0x0000000084f80000)
 Metaspace       used 56937K, capacity 59052K, committed 59160K, reserved 1099776K
  class space    used 7713K, capacity 8173K, committed 8240K, reserved 1048576K
}

