# JRE version: OpenJDK Runtime Environment (8.0_242-b01) (build 1.8.0_242-release-1644-b01)
# Java VM: OpenJDK 64-Bit Server VM (25.242-b01 mixed mode windows-amd64 compressed oops)
Heap:
 PSYoungGen      total 190976K, used 22476K [0x00000000d5580000, 0x00000000e3500000, 0x0000000100000000)
  eden space 181760K, 7% used [0x00000000d5580000,0x00000000d62b3500,0x00000000e0700000)
  from space 9216K, 97% used [0x00000000e2c00000,0x00000000e34bfbc8,0x00000000e3500000)
  to   space 14848K, 0% used [0x00000000e1800000,0x00000000e1800000,0x00000000e2680000)
 ParOldGen       total 88064K, used 15189K [0x0000000080000000, 0x0000000085600000, 0x00000000d5580000)
  object space 88064K, 17% used [0x0000000080000000,0x0000000080ed5568,0x0000000085600000)
 Metaspace       used 39224K, capacity 40918K, committed 41128K, reserved 1085440K
  class space    used 5387K, capacity 5737K, committed 5808K, reserved 1048576K
GC Heap History (10 events):
Event: 5.126 GC heap before
{Heap before GC invocations=6 (full 1):
 PSYoungGen      total 138240K, used 5108K [0x00000000d5580000, 0x00000000de180000, 0x0000000100000000)
  eden space 133120K, 0% used [0x00000000d5580000,0x00000000d5580000,0x00000000dd780000)
  from space 5120K, 99% used [0x00000000dd780000,0x00000000ddc7d060,0x00000000ddc80000)
  to   space 5120K, 0% used [0x00000000ddc80000,0x00000000ddc80000,0x00000000de180000)
 ParOldGen       total 87552K, used 11038K [0x0000000080000000, 0x0000000085580000, 0x00000000d5580000)
  object space 87552K, 12% used [0x0000000080000000,0x0000000080ac7bc0,0x0000000085580000)
 Metaspace       used 20584K, capacity 21224K, committed 21296K, reserved 1067008K
  class space    used 2874K, capacity 3076K, committed 3120K, reserved 1048576K
Event: 5.199 GC heap after
Heap after GC invocations=6 (full 1):
 PSYoungGen      total 138240K, used 0K [0x00000000d5580000, 0x00000000de180000, 0x0000000100000000)
  eden space 133120K, 0% used [0x00000000d5580000,0x00000000d5580000,0x00000000dd780000)
  from space 5120K, 0% used [0x00000000dd780000,0x00000000dd780000,0x00000000ddc80000)
  to   space 5120K, 0% used [0x00000000ddc80000,0x00000000ddc80000,0x00000000de180000)
 ParOldGen       total 61440K, used 11808K [0x0000000080000000, 0x0000000083c00000, 0x00000000d5580000)
  object space 61440K, 19% used [0x0000000080000000,0x0000000080b88340,0x0000000083c00000)
 Metaspace       used 20584K, capacity 21224K, committed 21296K, reserved 1067008K
  class space    used 2874K, capacity 3076K, committed 3120K, reserved 1048576K
}
Event: 7.365 GC heap before
{Heap before GC invocations=7 (full 1):
 PSYoungGen      total 138240K, used 133120K [0x00000000d5580000, 0x00000000de180000, 0x0000000100000000)
  eden space 133120K, 100% used [0x00000000d5580000,0x00000000dd780000,0x00000000dd780000)
  from space 5120K, 0% used [0x00000000dd780000,0x00000000dd780000,0x00000000ddc80000)
  to   space 5120K, 0% used [0x00000000ddc80000,0x00000000ddc80000,0x00000000de180000)
 ParOldGen       total 61440K, used 11808K [0x0000000080000000, 0x0000000083c00000, 0x00000000d5580000)
  object space 61440K, 19% used [0x0000000080000000,0x0000000080b88340,0x0000000083c00000)
 Metaspace       used 32808K, capacity 33796K, committed 33968K, reserved 1079296K
  class space    used 4470K, capacity 4750K, committed 4784K, reserved 1048576K
Event: 7.403 GC heap after
Heap after GC invocations=7 (full 1):
 PSYoungGen      total 126976K, used 5120K [0x00000000d5580000, 0x00000000e5400000, 0x0000000100000000)
  eden space 121856K, 0% used [0x00000000d5580000,0x00000000d5580000,0x00000000dcc80000)
  from space 5120K, 100% used [0x00000000ddc80000,0x00000000de180000,0x00000000de180000)
  to   space 16384K, 0% used [0x00000000dcc80000,0x00000000dcc80000,0x00000000ddc80000)
 ParOldGen       total 61440K, used 21093K [0x0000000080000000, 0x0000000083c00000, 0x00000000d5580000)
  object space 61440K, 34% used [0x0000000080000000,0x0000000081499778,0x0000000083c00000)
 Metaspace       used 32808K, capacity 33796K, committed 33968K, reserved 1079296K
  class space    used 4470K, capacity 4750K, committed 4784K, reserved 1048576K
}
Event: 8.300 GC heap before
{Heap before GC invocations=8 (full 1):
 PSYoungGen      total 126976K, used 37070K [0x00000000d5580000, 0x00000000e5400000, 0x0000000100000000)
  eden space 121856K, 26% used [0x00000000d5580000,0x00000000d74b3a70,0x00000000dcc80000)
  from space 5120K, 100% used [0x00000000ddc80000,0x00000000de180000,0x00000000de180000)
  to   space 16384K, 0% used [0x00000000dcc80000,0x00000000dcc80000,0x00000000ddc80000)
 ParOldGen       total 61440K, used 21093K [0x0000000080000000, 0x0000000083c00000, 0x00000000d5580000)
  object space 61440K, 34% used [0x0000000080000000,0x0000000081499778,0x0000000083c00000)
 Metaspace       used 34281K, capacity 35412K, committed 35496K, reserved 1079296K
  class space    used 4705K, capacity 5001K, committed 5040K, reserved 1048576K
Event: 8.313 GC heap after
Heap after GC invocations=8 (full 1):
 PSYoungGen      total 138240K, used 7228K [0x00000000d5580000, 0x00000000e3b00000, 0x0000000100000000)
  eden space 121856K, 0% used [0x00000000d5580000,0x00000000d5580000,0x00000000dcc80000)
  from space 16384K, 44% used [0x00000000dcc80000,0x00000000dd38f3d0,0x00000000ddc80000)
  to   space 15360K, 0% used [0x00000000e2c00000,0x00000000e2c00000,0x00000000e3b00000)
 ParOldGen       total 61440K, used 21101K [0x0000000080000000, 0x0000000083c00000, 0x00000000d5580000)
  object space 61440K, 34% used [0x0000000080000000,0x000000008149b778,0x0000000083c00000)
 Metaspace       used 34281K, capacity 35412K, committed 35496K, reserved 1079296K
  class space    used 4705K, capacity 5001K, committed 5040K, reserved 1048576K
}
Event: 8.313 GC heap before
{Heap before GC invocations=9 (full 2):
 PSYoungGen      total 138240K, used 7228K [0x00000000d5580000, 0x00000000e3b00000, 0x0000000100000000)
  eden space 121856K, 0% used [0x00000000d5580000,0x00000000d5580000,0x00000000dcc80000)
  from space 16384K, 44% used [0x00000000dcc80000,0x00000000dd38f3d0,0x00000000ddc80000)
  to   space 15360K, 0% used [0x00000000e2c00000,0x00000000e2c00000,0x00000000e3b00000)
 ParOldGen       total 61440K, used 21101K [0x0000000080000000, 0x0000000083c00000, 0x00000000d5580000)
  object space 61440K, 34% used [0x0000000080000000,0x000000008149b778,0x0000000083c00000)
 Metaspace       used 34281K, capacity 35412K, committed 35496K, reserved 1079296K
  class space    used 4705K, capacity 5001K, committed 5040K, reserved 1048576K
Event: 8.440 GC heap after
Heap after GC invocations=9 (full 2):
 PSYoungGen      total 138240K, used 0K [0x00000000d5580000, 0x00000000e3b00000, 0x0000000100000000)
  eden space 121856K, 0% used [0x00000000d5580000,0x00000000d5580000,0x00000000dcc80000)
  from space 16384K, 0% used [0x00000000dcc80000,0x00000000dcc80000,0x00000000ddc80000)
  to   space 15360K, 0% used [0x00000000e2c00000,0x00000000e2c00000,0x00000000e3b00000)
 ParOldGen       total 88064K, used 15181K [0x0000000080000000, 0x0000000085600000, 0x00000000d5580000)
  object space 88064K, 17% used [0x0000000080000000,0x0000000080ed3568,0x0000000085600000)
 Metaspace       used 34281K, capacity 35412K, committed 35496K, reserved 1079296K
  class space    used 4705K, capacity 5001K, committed 5040K, reserved 1048576K
}
Event: 9.739 GC heap before
{Heap before GC invocations=10 (full 2):
 PSYoungGen      total 138240K, used 121856K [0x00000000d5580000, 0x00000000e3b00000, 0x0000000100000000)
  eden space 121856K, 100% used [0x00000000d5580000,0x00000000dcc80000,0x00000000dcc80000)
  from space 16384K, 0% used [0x00000000dcc80000,0x00000000dcc80000,0x00000000ddc80000)
  to   space 15360K, 0% used [0x00000000e2c00000,0x00000000e2c00000,0x00000000e3b00000)
 ParOldGen       total 88064K, used 15181K [0x0000000080000000, 0x0000000085600000, 0x00000000d5580000)
  object space 88064K, 17% used [0x0000000080000000,0x0000000080ed3568,0x0000000085600000)
 Metaspace       used 37999K, capacity 39620K, committed 39976K, reserved 1083392K
  class space    used 5218K, capacity 5572K, committed 5680K, reserved 1048576K
Event: 9.759 GC heap after
Heap after GC invocations=10 (full 2):
 PSYoungGen      total 190976K, used 8958K [0x00000000d5580000, 0x00000000e3500000, 0x0000000100000000)
  eden space 181760K, 0% used [0x00000000d5580000,0x00000000d5580000,0x00000000e0700000)
  from space 9216K, 97% used [0x00000000e2c00000,0x00000000e34bfbc8,0x00000000e3500000)
  to   space 14848K, 0% used [0x00000000e1800000,0x00000000e1800000,0x00000000e2680000)
 ParOldGen       total 88064K, used 15189K [0x0000000080000000, 0x0000000085600000, 0x00000000d5580000)
  object space 88064K, 17% used [0x0000000080000000,0x0000000080ed5568,0x0000000085600000)
 Metaspace       used 37999K, capacity 39620K, committed 39976K, reserved 1083392K
  class space    used 5218K, capacity 5572K, committed 5680K, reserved 1048576K
}

