# JRE version: OpenJDK Runtime Environment (8.0_242-b01) (build 1.8.0_242-release-1644-b01)
# Java VM: OpenJDK 64-Bit Server VM (25.242-b01 mixed mode windows-amd64 compressed oops)
Heap:
 PSYoungGen      total 464896K, used 283246K [0x00000000d5580000, 0x00000000f4c00000, 0x0000000100000000)
  eden space 440320K, 58% used [0x00000000d5580000,0x00000000e522a620,0x00000000f0380000)
  from space 24576K, 99% used [0x00000000f3400000,0x00000000f4bf12e8,0x00000000f4c00000)
  to   space 28672K, 0% used [0x00000000f1400000,0x00000000f1400000,0x00000000f3000000)
 ParOldGen       total 138240K, used 38530K [0x0000000080000000, 0x0000000088700000, 0x00000000d5580000)
  object space 138240K, 27% used [0x0000000080000000,0x00000000825a09a8,0x0000000088700000)
 Metaspace       used 79370K, capacity 82840K, committed 82968K, reserved 1120256K
  class space    used 10604K, capacity 11279K, committed 11312K, reserved 1048576K
GC Heap History (10 events):
Event: 6.271 GC heap before
{Heap before GC invocations=9 (full 2):
 PSYoungGen      total 275456K, used 8748K [0x00000000d5580000, 0x00000000ee380000, 0x0000000100000000)
  eden space 259072K, 0% used [0x00000000d5580000,0x00000000d5580000,0x00000000e5280000)
  from space 16384K, 53% used [0x00000000e5280000,0x00000000e5b0b3e0,0x00000000e6280000)
  to   space 15360K, 0% used [0x00000000ed480000,0x00000000ed480000,0x00000000ee380000)
 ParOldGen       total 61952K, used 13611K [0x0000000080000000, 0x0000000083c80000, 0x00000000d5580000)
  object space 61952K, 21% used [0x0000000080000000,0x0000000080d4adf0,0x0000000083c80000)
 Metaspace       used 34271K, capacity 35412K, committed 35496K, reserved 1079296K
  class space    used 4710K, capacity 5001K, committed 5040K, reserved 1048576K
Event: 6.384 GC heap after
Heap after GC invocations=9 (full 2):
 PSYoungGen      total 275456K, used 0K [0x00000000d5580000, 0x00000000ee380000, 0x0000000100000000)
  eden space 259072K, 0% used [0x00000000d5580000,0x00000000d5580000,0x00000000e5280000)
  from space 16384K, 0% used [0x00000000e5280000,0x00000000e5280000,0x00000000e6280000)
  to   space 15360K, 0% used [0x00000000ed480000,0x00000000ed480000,0x00000000ee380000)
 ParOldGen       total 87040K, used 15126K [0x0000000080000000, 0x0000000085500000, 0x00000000d5580000)
  object space 87040K, 17% used [0x0000000080000000,0x0000000080ec5938,0x0000000085500000)
 Metaspace       used 34271K, capacity 35412K, committed 35496K, reserved 1079296K
  class space    used 4710K, capacity 5001K, committed 5040K, reserved 1048576K
}
Event: 9.286 GC heap before
{Heap before GC invocations=10 (full 2):
 PSYoungGen      total 275456K, used 259072K [0x00000000d5580000, 0x00000000ee380000, 0x0000000100000000)
  eden space 259072K, 100% used [0x00000000d5580000,0x00000000e5280000,0x00000000e5280000)
  from space 16384K, 0% used [0x00000000e5280000,0x00000000e5280000,0x00000000e6280000)
  to   space 15360K, 0% used [0x00000000ed480000,0x00000000ed480000,0x00000000ee380000)
 ParOldGen       total 87040K, used 15126K [0x0000000080000000, 0x0000000085500000, 0x00000000d5580000)
  object space 87040K, 17% used [0x0000000080000000,0x0000000080ec5938,0x0000000085500000)
 Metaspace       used 46649K, capacity 48504K, committed 48680K, reserved 1091584K
  class space    used 6296K, capacity 6656K, committed 6704K, reserved 1048576K
Event: 9.315 GC heap after
Heap after GC invocations=10 (full 2):
 PSYoungGen      total 387072K, used 15333K [0x00000000d5580000, 0x00000000ee680000, 0x0000000100000000)
  eden space 371712K, 0% used [0x00000000d5580000,0x00000000d5580000,0x00000000ec080000)
  from space 15360K, 99% used [0x00000000ed480000,0x00000000ee3796a8,0x00000000ee380000)
  to   space 19456K, 0% used [0x00000000ec080000,0x00000000ec080000,0x00000000ed380000)
 ParOldGen       total 87040K, used 19258K [0x0000000080000000, 0x0000000085500000, 0x00000000d5580000)
  object space 87040K, 22% used [0x0000000080000000,0x00000000812ce8d0,0x0000000085500000)
 Metaspace       used 46649K, capacity 48504K, committed 48680K, reserved 1091584K
  class space    used 6296K, capacity 6656K, committed 6704K, reserved 1048576K
}
Event: 11.337 GC heap before
{Heap before GC invocations=11 (full 2):
 PSYoungGen      total 387072K, used 143923K [0x00000000d5580000, 0x00000000ee680000, 0x0000000100000000)
  eden space 371712K, 34% used [0x00000000d5580000,0x00000000dd313730,0x00000000ec080000)
  from space 15360K, 99% used [0x00000000ed480000,0x00000000ee3796a8,0x00000000ee380000)
  to   space 19456K, 0% used [0x00000000ec080000,0x00000000ec080000,0x00000000ed380000)
 ParOldGen       total 87040K, used 19258K [0x0000000080000000, 0x0000000085500000, 0x00000000d5580000)
  object space 87040K, 22% used [0x0000000080000000,0x00000000812ce8d0,0x0000000085500000)
 Metaspace       used 56766K, capacity 59022K, committed 59160K, reserved 1099776K
  class space    used 7691K, capacity 8152K, committed 8240K, reserved 1048576K
Event: 11.370 GC heap after
Heap after GC invocations=11 (full 2):
 PSYoungGen      total 391168K, used 19432K [0x00000000d5580000, 0x00000000f4c80000, 0x0000000100000000)
  eden space 371712K, 0% used [0x00000000d5580000,0x00000000d5580000,0x00000000ec080000)
  from space 19456K, 99% used [0x00000000ec080000,0x00000000ed37a218,0x00000000ed380000)
  to   space 25088K, 0% used [0x00000000f3400000,0x00000000f3400000,0x00000000f4c80000)
 ParOldGen       total 87040K, used 25952K [0x0000000080000000, 0x0000000085500000, 0x00000000d5580000)
  object space 87040K, 29% used [0x0000000080000000,0x0000000081958020,0x0000000085500000)
 Metaspace       used 56766K, capacity 59022K, committed 59160K, reserved 1099776K
  class space    used 7691K, capacity 8152K, committed 8240K, reserved 1048576K
}
Event: 11.370 GC heap before
{Heap before GC invocations=12 (full 3):
 PSYoungGen      total 391168K, used 19432K [0x00000000d5580000, 0x00000000f4c80000, 0x0000000100000000)
  eden space 371712K, 0% used [0x00000000d5580000,0x00000000d5580000,0x00000000ec080000)
  from space 19456K, 99% used [0x00000000ec080000,0x00000000ed37a218,0x00000000ed380000)
  to   space 25088K, 0% used [0x00000000f3400000,0x00000000f3400000,0x00000000f4c80000)
 ParOldGen       total 87040K, used 25952K [0x0000000080000000, 0x0000000085500000, 0x00000000d5580000)
  object space 87040K, 29% used [0x0000000080000000,0x0000000081958020,0x0000000085500000)
 Metaspace       used 56766K, capacity 59022K, committed 59160K, reserved 1099776K
  class space    used 7691K, capacity 8152K, committed 8240K, reserved 1048576K
Event: 11.655 GC heap after
Heap after GC invocations=12 (full 3):
 PSYoungGen      total 391168K, used 0K [0x00000000d5580000, 0x00000000f4c80000, 0x0000000100000000)
  eden space 371712K, 0% used [0x00000000d5580000,0x00000000d5580000,0x00000000ec080000)
  from space 19456K, 0% used [0x00000000ec080000,0x00000000ec080000,0x00000000ed380000)
  to   space 25088K, 0% used [0x00000000f3400000,0x00000000f3400000,0x00000000f4c80000)
 ParOldGen       total 138240K, used 38522K [0x0000000080000000, 0x0000000088700000, 0x00000000d5580000)
  object space 138240K, 27% used [0x0000000080000000,0x000000008259e9a8,0x0000000088700000)
 Metaspace       used 56745K, capacity 58950K, committed 59160K, reserved 1099776K
  class space    used 7685K, capacity 8140K, committed 8240K, reserved 1048576K
}
Event: 20.628 GC heap before
{Heap before GC invocations=13 (full 3):
 PSYoungGen      total 391168K, used 371712K [0x00000000d5580000, 0x00000000f4c80000, 0x0000000100000000)
  eden space 371712K, 100% used [0x00000000d5580000,0x00000000ec080000,0x00000000ec080000)
  from space 19456K, 0% used [0x00000000ec080000,0x00000000ec080000,0x00000000ed380000)
  to   space 25088K, 0% used [0x00000000f3400000,0x00000000f3400000,0x00000000f4c80000)
 ParOldGen       total 138240K, used 38522K [0x0000000080000000, 0x0000000088700000, 0x00000000d5580000)
  object space 138240K, 27% used [0x0000000080000000,0x000000008259e9a8,0x0000000088700000)
 Metaspace       used 73314K, capacity 76546K, committed 76824K, reserved 1116160K
  class space    used 9867K, capacity 10484K, committed 10544K, reserved 1048576K
Event: 20.665 GC heap after
Heap after GC invocations=13 (full 3):
 PSYoungGen      total 464896K, used 24516K [0x00000000d5580000, 0x00000000f4c00000, 0x0000000100000000)
  eden space 440320K, 0% used [0x00000000d5580000,0x00000000d5580000,0x00000000f0380000)
  from space 24576K, 99% used [0x00000000f3400000,0x00000000f4bf12e8,0x00000000f4c00000)
  to   space 28672K, 0% used [0x00000000f1400000,0x00000000f1400000,0x00000000f3000000)
 ParOldGen       total 138240K, used 38530K [0x0000000080000000, 0x0000000088700000, 0x00000000d5580000)
  object space 138240K, 27% used [0x0000000080000000,0x00000000825a09a8,0x0000000088700000)
 Metaspace       used 73314K, capacity 76546K, committed 76824K, reserved 1116160K
  class space    used 9867K, capacity 10484K, committed 10544K, reserved 1048576K
}

