# JRE version: OpenJDK Runtime Environment (8.0_242-b01) (build 1.8.0_242-release-1644-b01)
# Java VM: OpenJDK 64-Bit Server VM (25.242-b01 mixed mode windows-amd64 compressed oops)
Heap:
 PSYoungGen      total 350208K, used 266759K [0x00000000d5580000, 0x00000000f3380000, 0x0000000100000000)
  eden space 326144K, 74% used [0x00000000d5580000,0x00000000e4282118,0x00000000e9400000)
  from space 24064K, 99% used [0x00000000e9400000,0x00000000eab7fed8,0x00000000eab80000)
  to   space 32256K, 0% used [0x00000000f1400000,0x00000000f1400000,0x00000000f3380000)
 ParOldGen       total 115200K, used 51173K [0x0000000080000000, 0x0000000087080000, 0x00000000d5580000)
  object space 115200K, 44% used [0x0000000080000000,0x00000000831f9528,0x0000000087080000)
 Metaspace       used 78794K, capacity 82104K, committed 82328K, reserved 1120256K
  class space    used 10532K, capacity 11175K, committed 11184K, reserved 1048576K
GC Heap History (10 events):
Event: 7.466 GC heap before
{Heap before GC invocations=10 (full 2):
 PSYoungGen      total 253952K, used 8796K [0x00000000d5580000, 0x00000000e5c00000, 0x0000000100000000)
  eden space 239104K, 0% used [0x00000000d5580000,0x00000000d5580000,0x00000000e3f00000)
  from space 14848K, 59% used [0x00000000e4d80000,0x00000000e56173d0,0x00000000e5c00000)
  to   space 14848K, 0% used [0x00000000e3f00000,0x00000000e3f00000,0x00000000e4d80000)
 ParOldGen       total 52224K, used 9636K [0x0000000080000000, 0x0000000083300000, 0x00000000d5580000)
  object space 52224K, 18% used [0x0000000080000000,0x0000000080969028,0x0000000083300000)
 Metaspace       used 34299K, capacity 35412K, committed 35496K, reserved 1079296K
  class space    used 4709K, capacity 5001K, committed 5040K, reserved 1048576K
Event: 7.536 GC heap after
Heap after GC invocations=10 (full 2):
 PSYoungGen      total 253952K, used 0K [0x00000000d5580000, 0x00000000e5c00000, 0x0000000100000000)
  eden space 239104K, 0% used [0x00000000d5580000,0x00000000d5580000,0x00000000e3f00000)
  from space 14848K, 0% used [0x00000000e4d80000,0x00000000e4d80000,0x00000000e5c00000)
  to   space 14848K, 0% used [0x00000000e3f00000,0x00000000e3f00000,0x00000000e4d80000)
 ParOldGen       total 73216K, used 15235K [0x0000000080000000, 0x0000000084780000, 0x00000000d5580000)
  object space 73216K, 20% used [0x0000000080000000,0x0000000080ee0e38,0x0000000084780000)
 Metaspace       used 34299K, capacity 35412K, committed 35496K, reserved 1079296K
  class space    used 4709K, capacity 5001K, committed 5040K, reserved 1048576K
}
Event: 10.574 GC heap before
{Heap before GC invocations=11 (full 2):
 PSYoungGen      total 253952K, used 239104K [0x00000000d5580000, 0x00000000e5c00000, 0x0000000100000000)
  eden space 239104K, 100% used [0x00000000d5580000,0x00000000e3f00000,0x00000000e3f00000)
  from space 14848K, 0% used [0x00000000e4d80000,0x00000000e4d80000,0x00000000e5c00000)
  to   space 14848K, 0% used [0x00000000e3f00000,0x00000000e3f00000,0x00000000e4d80000)
 ParOldGen       total 73216K, used 15235K [0x0000000080000000, 0x0000000084780000, 0x00000000d5580000)
  object space 73216K, 20% used [0x0000000080000000,0x0000000080ee0e38,0x0000000084780000)
 Metaspace       used 45520K, capacity 47342K, committed 47528K, reserved 1089536K
  class space    used 6148K, capacity 6515K, committed 6576K, reserved 1048576K
Event: 10.606 GC heap after
Heap after GC invocations=11 (full 2):
 PSYoungGen      total 253952K, used 14840K [0x00000000d5580000, 0x00000000ebd80000, 0x0000000100000000)
  eden space 239104K, 0% used [0x00000000d5580000,0x00000000d5580000,0x00000000e3f00000)
  from space 14848K, 99% used [0x00000000e3f00000,0x00000000e4d7e348,0x00000000e4d80000)
  to   space 18432K, 0% used [0x00000000eab80000,0x00000000eab80000,0x00000000ebd80000)
 ParOldGen       total 73216K, used 18591K [0x0000000080000000, 0x0000000084780000, 0x00000000d5580000)
  object space 73216K, 25% used [0x0000000080000000,0x0000000081227dd8,0x0000000084780000)
 Metaspace       used 45520K, capacity 47342K, committed 47528K, reserved 1089536K
  class space    used 6148K, capacity 6515K, committed 6576K, reserved 1048576K
}
Event: 13.079 GC heap before
{Heap before GC invocations=12 (full 2):
 PSYoungGen      total 253952K, used 152230K [0x00000000d5580000, 0x00000000ebd80000, 0x0000000100000000)
  eden space 239104K, 57% used [0x00000000d5580000,0x00000000ddbab710,0x00000000e3f00000)
  from space 14848K, 99% used [0x00000000e3f00000,0x00000000e4d7e348,0x00000000e4d80000)
  to   space 18432K, 0% used [0x00000000eab80000,0x00000000eab80000,0x00000000ebd80000)
 ParOldGen       total 73216K, used 18591K [0x0000000080000000, 0x0000000084780000, 0x00000000d5580000)
  object space 73216K, 25% used [0x0000000080000000,0x0000000081227dd8,0x0000000084780000)
 Metaspace       used 56802K, capacity 59022K, committed 59160K, reserved 1099776K
  class space    used 7689K, capacity 8152K, committed 8240K, reserved 1048576K
Event: 13.123 GC heap after
Heap after GC invocations=12 (full 2):
 PSYoungGen      total 344576K, used 18414K [0x00000000d5580000, 0x00000000ec480000, 0x0000000100000000)
  eden space 326144K, 0% used [0x00000000d5580000,0x00000000d5580000,0x00000000e9400000)
  from space 18432K, 99% used [0x00000000eab80000,0x00000000ebd7bab0,0x00000000ebd80000)
  to   space 24064K, 0% used [0x00000000e9400000,0x00000000e9400000,0x00000000eab80000)
 ParOldGen       total 73216K, used 26870K [0x0000000080000000, 0x0000000084780000, 0x00000000d5580000)
  object space 73216K, 36% used [0x0000000080000000,0x0000000081a3d840,0x0000000084780000)
 Metaspace       used 56802K, capacity 59022K, committed 59160K, reserved 1099776K
  class space    used 7689K, capacity 8152K, committed 8240K, reserved 1048576K
}
Event: 13.123 GC heap before
{Heap before GC invocations=13 (full 3):
 PSYoungGen      total 344576K, used 18414K [0x00000000d5580000, 0x00000000ec480000, 0x0000000100000000)
  eden space 326144K, 0% used [0x00000000d5580000,0x00000000d5580000,0x00000000e9400000)
  from space 18432K, 99% used [0x00000000eab80000,0x00000000ebd7bab0,0x00000000ebd80000)
  to   space 24064K, 0% used [0x00000000e9400000,0x00000000e9400000,0x00000000eab80000)
 ParOldGen       total 73216K, used 26870K [0x0000000080000000, 0x0000000084780000, 0x00000000d5580000)
  object space 73216K, 36% used [0x0000000080000000,0x0000000081a3d840,0x0000000084780000)
 Metaspace       used 56802K, capacity 59022K, committed 59160K, reserved 1099776K
  class space    used 7689K, capacity 8152K, committed 8240K, reserved 1048576K
Event: 13.395 GC heap after
Heap after GC invocations=13 (full 3):
 PSYoungGen      total 344576K, used 0K [0x00000000d5580000, 0x00000000ec480000, 0x0000000100000000)
  eden space 326144K, 0% used [0x00000000d5580000,0x00000000d5580000,0x00000000e9400000)
  from space 18432K, 0% used [0x00000000eab80000,0x00000000eab80000,0x00000000ebd80000)
  to   space 24064K, 0% used [0x00000000e9400000,0x00000000e9400000,0x00000000eab80000)
 ParOldGen       total 115200K, used 39089K [0x0000000080000000, 0x0000000087080000, 0x00000000d5580000)
  object space 115200K, 33% used [0x0000000080000000,0x000000008262c598,0x0000000087080000)
 Metaspace       used 56781K, capacity 58950K, committed 59160K, reserved 1099776K
  class space    used 7683K, capacity 8140K, committed 8240K, reserved 1048576K
}
Event: 21.806 GC heap before
{Heap before GC invocations=14 (full 3):
 PSYoungGen      total 344576K, used 326144K [0x00000000d5580000, 0x00000000ec480000, 0x0000000100000000)
  eden space 326144K, 100% used [0x00000000d5580000,0x00000000e9400000,0x00000000e9400000)
  from space 18432K, 0% used [0x00000000eab80000,0x00000000eab80000,0x00000000ebd80000)
  to   space 24064K, 0% used [0x00000000e9400000,0x00000000e9400000,0x00000000eab80000)
 ParOldGen       total 115200K, used 39089K [0x0000000080000000, 0x0000000087080000, 0x00000000d5580000)
  object space 115200K, 33% used [0x0000000080000000,0x000000008262c598,0x0000000087080000)
 Metaspace       used 72355K, capacity 75446K, committed 75672K, reserved 1114112K
  class space    used 9769K, capacity 10364K, committed 10416K, reserved 1048576K
Event: 22.051 GC heap after
Heap after GC invocations=14 (full 3):
 PSYoungGen      total 350208K, used 24063K [0x00000000d5580000, 0x00000000f3380000, 0x0000000100000000)
  eden space 326144K, 0% used [0x00000000d5580000,0x00000000d5580000,0x00000000e9400000)
  from space 24064K, 99% used [0x00000000e9400000,0x00000000eab7fed8,0x00000000eab80000)
  to   space 32256K, 0% used [0x00000000f1400000,0x00000000f1400000,0x00000000f3380000)
 ParOldGen       total 115200K, used 51173K [0x0000000080000000, 0x0000000087080000, 0x00000000d5580000)
  object space 115200K, 44% used [0x0000000080000000,0x00000000831f9528,0x0000000087080000)
 Metaspace       used 72355K, capacity 75446K, committed 75672K, reserved 1114112K
  class space    used 9769K, capacity 10364K, committed 10416K, reserved 1048576K
}

