# JRE version: OpenJDK Runtime Environment (8.0_242-b01) (build 1.8.0_242-release-1644-b01)
# Java VM: OpenJDK 64-Bit Server VM (25.242-b01 mixed mode windows-amd64 compressed oops)
Heap:
 PSYoungGen      total 279040K, used 197015K [0x00000000d5580000, 0x00000000ebf80000, 0x0000000100000000)
  eden space 260096K, 75% used [0x00000000d5580000,0x00000000e15e5e58,0x00000000e5380000)
  from space 18944K, 0% used [0x00000000e5380000,0x00000000e5380000,0x00000000e6600000)
  to   space 25088K, 0% used [0x00000000ea700000,0x00000000ea700000,0x00000000ebf80000)
 ParOldGen       total 136704K, used 39179K [0x0000000080000000, 0x0000000088580000, 0x00000000d5580000)
  object space 136704K, 28% used [0x0000000080000000,0x0000000082642eb0,0x0000000088580000)
 Metaspace       used 66576K, capacity 69678K, committed 69912K, reserved 1110016K
  class space    used 9141K, capacity 9710K, committed 9768K, reserved 1048576K
GC Heap History (10 events):
Event: 8.527 GC heap before
{Heap before GC invocations=8 (full 1):
 PSYoungGen      total 237056K, used 44399K [0x00000000d5580000, 0x00000000e7280000, 0x0000000100000000)
  eden space 224256K, 14% used [0x00000000d5580000,0x00000000d745d820,0x00000000e3080000)
  from space 12800K, 99% used [0x00000000e6600000,0x00000000e727e738,0x00000000e7280000)
  to   space 16384K, 0% used [0x00000000e5280000,0x00000000e5280000,0x00000000e6280000)
 ParOldGen       total 56832K, used 8726K [0x0000000080000000, 0x0000000083780000, 0x00000000d5580000)
  object space 56832K, 15% used [0x0000000080000000,0x0000000080885850,0x0000000083780000)
 Metaspace       used 34287K, capacity 35412K, committed 35496K, reserved 1079296K
  class space    used 4703K, capacity 5001K, committed 5032K, reserved 1048576K
Event: 8.579 GC heap after
Heap after GC invocations=8 (full 1):
 PSYoungGen      total 240640K, used 8761K [0x00000000d5580000, 0x00000000e7280000, 0x0000000100000000)
  eden space 224256K, 0% used [0x00000000d5580000,0x00000000d5580000,0x00000000e3080000)
  from space 16384K, 53% used [0x00000000e5280000,0x00000000e5b0e7e8,0x00000000e6280000)
  to   space 12800K, 0% used [0x00000000e6600000,0x00000000e6600000,0x00000000e7280000)
 ParOldGen       total 56832K, used 8734K [0x0000000080000000, 0x0000000083780000, 0x00000000d5580000)
  object space 56832K, 15% used [0x0000000080000000,0x0000000080887850,0x0000000083780000)
 Metaspace       used 34287K, capacity 35412K, committed 35496K, reserved 1079296K
  class space    used 4703K, capacity 5001K, committed 5032K, reserved 1048576K
}
Event: 8.579 GC heap before
{Heap before GC invocations=9 (full 2):
 PSYoungGen      total 240640K, used 8761K [0x00000000d5580000, 0x00000000e7280000, 0x0000000100000000)
  eden space 224256K, 0% used [0x00000000d5580000,0x00000000d5580000,0x00000000e3080000)
  from space 16384K, 53% used [0x00000000e5280000,0x00000000e5b0e7e8,0x00000000e6280000)
  to   space 12800K, 0% used [0x00000000e6600000,0x00000000e6600000,0x00000000e7280000)
 ParOldGen       total 56832K, used 8734K [0x0000000080000000, 0x0000000083780000, 0x00000000d5580000)
  object space 56832K, 15% used [0x0000000080000000,0x0000000080887850,0x0000000083780000)
 Metaspace       used 34287K, capacity 35412K, committed 35496K, reserved 1079296K
  class space    used 4703K, capacity 5001K, committed 5032K, reserved 1048576K
Event: 8.831 GC heap after
Heap after GC invocations=9 (full 2):
 PSYoungGen      total 240640K, used 0K [0x00000000d5580000, 0x00000000e7280000, 0x0000000100000000)
  eden space 224256K, 0% used [0x00000000d5580000,0x00000000d5580000,0x00000000e3080000)
  from space 16384K, 0% used [0x00000000e5280000,0x00000000e5280000,0x00000000e6280000)
  to   space 12800K, 0% used [0x00000000e6600000,0x00000000e6600000,0x00000000e7280000)
 ParOldGen       total 86016K, used 15143K [0x0000000080000000, 0x0000000085400000, 0x00000000d5580000)
  object space 86016K, 17% used [0x0000000080000000,0x0000000080ec9d80,0x0000000085400000)
 Metaspace       used 34287K, capacity 35412K, committed 35496K, reserved 1079296K
  class space    used 4703K, capacity 5001K, committed 5032K, reserved 1048576K
}
Event: 11.919 GC heap before
{Heap before GC invocations=10 (full 2):
 PSYoungGen      total 240640K, used 224256K [0x00000000d5580000, 0x00000000e7280000, 0x0000000100000000)
  eden space 224256K, 100% used [0x00000000d5580000,0x00000000e3080000,0x00000000e3080000)
  from space 16384K, 0% used [0x00000000e5280000,0x00000000e5280000,0x00000000e6280000)
  to   space 12800K, 0% used [0x00000000e6600000,0x00000000e6600000,0x00000000e7280000)
 ParOldGen       total 86016K, used 15143K [0x0000000080000000, 0x0000000085400000, 0x00000000d5580000)
  object space 86016K, 17% used [0x0000000080000000,0x0000000080ec9d80,0x0000000085400000)
 Metaspace       used 45438K, capacity 47234K, committed 47528K, reserved 1089536K
  class space    used 6125K, capacity 6479K, committed 6568K, reserved 1048576K
Event: 11.938 GC heap after
Heap after GC invocations=10 (full 2):
 PSYoungGen      total 272896K, used 12780K [0x00000000d5580000, 0x00000000eb300000, 0x0000000100000000)
  eden space 260096K, 0% used [0x00000000d5580000,0x00000000d5580000,0x00000000e5380000)
  from space 12800K, 99% used [0x00000000e6600000,0x00000000e727b2b0,0x00000000e7280000)
  to   space 18944K, 0% used [0x00000000e5380000,0x00000000e5380000,0x00000000e6600000)
 ParOldGen       total 86016K, used 19606K [0x0000000080000000, 0x0000000085400000, 0x00000000d5580000)
  object space 86016K, 22% used [0x0000000080000000,0x0000000081325838,0x0000000085400000)
 Metaspace       used 45438K, capacity 47234K, committed 47528K, reserved 1089536K
  class space    used 6125K, capacity 6479K, committed 6568K, reserved 1048576K
}
Event: 14.528 GC heap before
{Heap before GC invocations=11 (full 2):
 PSYoungGen      total 272896K, used 165116K [0x00000000d5580000, 0x00000000eb300000, 0x0000000100000000)
  eden space 260096K, 58% used [0x00000000d5580000,0x00000000dea44140,0x00000000e5380000)
  from space 12800K, 99% used [0x00000000e6600000,0x00000000e727b2b0,0x00000000e7280000)
  to   space 18944K, 0% used [0x00000000e5380000,0x00000000e5380000,0x00000000e6600000)
 ParOldGen       total 86016K, used 19606K [0x0000000080000000, 0x0000000085400000, 0x00000000d5580000)
  object space 86016K, 22% used [0x0000000080000000,0x0000000081325838,0x0000000085400000)
 Metaspace       used 56796K, capacity 59014K, committed 59160K, reserved 1099776K
  class space    used 7683K, capacity 8148K, committed 8232K, reserved 1048576K
Event: 14.561 GC heap after
Heap after GC invocations=11 (full 2):
 PSYoungGen      total 279040K, used 18921K [0x00000000d5580000, 0x00000000ebf80000, 0x0000000100000000)
  eden space 260096K, 0% used [0x00000000d5580000,0x00000000d5580000,0x00000000e5380000)
  from space 18944K, 99% used [0x00000000e5380000,0x00000000e65fa670,0x00000000e6600000)
  to   space 25088K, 0% used [0x00000000ea700000,0x00000000ea700000,0x00000000ebf80000)
 ParOldGen       total 86016K, used 27441K [0x0000000080000000, 0x0000000085400000, 0x00000000d5580000)
  object space 86016K, 31% used [0x0000000080000000,0x0000000081acc420,0x0000000085400000)
 Metaspace       used 56796K, capacity 59014K, committed 59160K, reserved 1099776K
  class space    used 7683K, capacity 8148K, committed 8232K, reserved 1048576K
}
Event: 14.561 GC heap before
{Heap before GC invocations=12 (full 3):
 PSYoungGen      total 279040K, used 18921K [0x00000000d5580000, 0x00000000ebf80000, 0x0000000100000000)
  eden space 260096K, 0% used [0x00000000d5580000,0x00000000d5580000,0x00000000e5380000)
  from space 18944K, 99% used [0x00000000e5380000,0x00000000e65fa670,0x00000000e6600000)
  to   space 25088K, 0% used [0x00000000ea700000,0x00000000ea700000,0x00000000ebf80000)
 ParOldGen       total 86016K, used 27441K [0x0000000080000000, 0x0000000085400000, 0x00000000d5580000)
  object space 86016K, 31% used [0x0000000080000000,0x0000000081acc420,0x0000000085400000)
 Metaspace       used 56796K, capacity 59014K, committed 59160K, reserved 1099776K
  class space    used 7683K, capacity 8148K, committed 8232K, reserved 1048576K
Event: 14.829 GC heap after
Heap after GC invocations=12 (full 3):
 PSYoungGen      total 279040K, used 0K [0x00000000d5580000, 0x00000000ebf80000, 0x0000000100000000)
  eden space 260096K, 0% used [0x00000000d5580000,0x00000000d5580000,0x00000000e5380000)
  from space 18944K, 0% used [0x00000000e5380000,0x00000000e5380000,0x00000000e6600000)
  to   space 25088K, 0% used [0x00000000ea700000,0x00000000ea700000,0x00000000ebf80000)
 ParOldGen       total 136704K, used 39179K [0x0000000080000000, 0x0000000088580000, 0x00000000d5580000)
  object space 136704K, 28% used [0x0000000080000000,0x0000000082642eb0,0x0000000088580000)
 Metaspace       used 56781K, capacity 58966K, committed 59160K, reserved 1099776K
  class space    used 7679K, capacity 8140K, committed 8232K, reserved 1048576K
}

