# JRE version: OpenJDK Runtime Environment (8.0_242-b01) (build 1.8.0_242-release-1644-b01)
# Java VM: OpenJDK 64-Bit Server VM (25.242-b01 mixed mode windows-amd64 compressed oops)
Heap:
 PSYoungGen      total 314880K, used 122533K [0x00000000d5580000, 0x00000000ea680000, 0x0000000100000000)
  eden space 296448K, 41% used [0x00000000d5580000,0x00000000dcd29640,0x00000000e7700000)
  from space 18432K, 0% used [0x00000000e8e80000,0x00000000e8e80000,0x00000000ea080000)
  to   space 24064K, 0% used [0x00000000e7700000,0x00000000e7700000,0x00000000e8e80000)
 ParOldGen       total 128512K, used 39240K [0x0000000080000000, 0x0000000087d80000, 0x00000000d5580000)
  object space 128512K, 30% used [0x0000000080000000,0x0000000082652230,0x0000000087d80000)
 Metaspace       used 64987K, capacity 67752K, committed 67992K, reserved 1107968K
  class space    used 8972K, capacity 9535K, committed 9648K, reserved 1048576K
GC Heap History (10 events):
Event: 6.439 GC heap before
{Heap before GC invocations=9 (full 1):
 PSYoungGen      total 144896K, used 42668K [0x00000000d5580000, 0x00000000e5180000, 0x0000000100000000)
  eden space 133120K, 23% used [0x00000000d5580000,0x00000000d73b1cd8,0x00000000dd780000)
  from space 11776K, 99% used [0x00000000dd780000,0x00000000de2f9470,0x00000000de300000)
  to   space 15360K, 0% used [0x00000000e4280000,0x00000000e4280000,0x00000000e5180000)
 ParOldGen       total 54784K, used 9772K [0x0000000080000000, 0x0000000083580000, 0x00000000d5580000)
  object space 54784K, 17% used [0x0000000080000000,0x000000008098b128,0x0000000083580000)
 Metaspace       used 34289K, capacity 35412K, committed 35496K, reserved 1079296K
  class space    used 4719K, capacity 5001K, committed 5040K, reserved 1048576K
Event: 6.463 GC heap after
Heap after GC invocations=9 (full 1):
 PSYoungGen      total 243200K, used 8686K [0x00000000d5580000, 0x00000000e5400000, 0x0000000100000000)
  eden space 227840K, 0% used [0x00000000d5580000,0x00000000d5580000,0x00000000e3400000)
  from space 15360K, 56% used [0x00000000e4280000,0x00000000e4afba28,0x00000000e5180000)
  to   space 14848K, 0% used [0x00000000e3400000,0x00000000e3400000,0x00000000e4280000)
 ParOldGen       total 54784K, used 9780K [0x0000000080000000, 0x0000000083580000, 0x00000000d5580000)
  object space 54784K, 17% used [0x0000000080000000,0x000000008098d128,0x0000000083580000)
 Metaspace       used 34289K, capacity 35412K, committed 35496K, reserved 1079296K
  class space    used 4719K, capacity 5001K, committed 5040K, reserved 1048576K
}
Event: 6.463 GC heap before
{Heap before GC invocations=10 (full 2):
 PSYoungGen      total 243200K, used 8686K [0x00000000d5580000, 0x00000000e5400000, 0x0000000100000000)
  eden space 227840K, 0% used [0x00000000d5580000,0x00000000d5580000,0x00000000e3400000)
  from space 15360K, 56% used [0x00000000e4280000,0x00000000e4afba28,0x00000000e5180000)
  to   space 14848K, 0% used [0x00000000e3400000,0x00000000e3400000,0x00000000e4280000)
 ParOldGen       total 54784K, used 9780K [0x0000000080000000, 0x0000000083580000, 0x00000000d5580000)
  object space 54784K, 17% used [0x0000000080000000,0x000000008098d128,0x0000000083580000)
 Metaspace       used 34289K, capacity 35412K, committed 35496K, reserved 1079296K
  class space    used 4719K, capacity 5001K, committed 5040K, reserved 1048576K
Event: 6.557 GC heap after
Heap after GC invocations=10 (full 2):
 PSYoungGen      total 243200K, used 0K [0x00000000d5580000, 0x00000000e5400000, 0x0000000100000000)
  eden space 227840K, 0% used [0x00000000d5580000,0x00000000d5580000,0x00000000e3400000)
  from space 15360K, 0% used [0x00000000e4280000,0x00000000e4280000,0x00000000e5180000)
  to   space 14848K, 0% used [0x00000000e3400000,0x00000000e3400000,0x00000000e4280000)
 ParOldGen       total 80896K, used 15179K [0x0000000080000000, 0x0000000084f00000, 0x00000000d5580000)
  object space 80896K, 18% used [0x0000000080000000,0x0000000080ed2ed0,0x0000000084f00000)
 Metaspace       used 34289K, capacity 35412K, committed 35496K, reserved 1079296K
  class space    used 4719K, capacity 5001K, committed 5040K, reserved 1048576K
}
Event: 8.839 GC heap before
{Heap before GC invocations=11 (full 2):
 PSYoungGen      total 243200K, used 227840K [0x00000000d5580000, 0x00000000e5400000, 0x0000000100000000)
  eden space 227840K, 100% used [0x00000000d5580000,0x00000000e3400000,0x00000000e3400000)
  from space 15360K, 0% used [0x00000000e4280000,0x00000000e4280000,0x00000000e5180000)
  to   space 14848K, 0% used [0x00000000e3400000,0x00000000e3400000,0x00000000e4280000)
 ParOldGen       total 80896K, used 15179K [0x0000000080000000, 0x0000000084f00000, 0x00000000d5580000)
  object space 80896K, 18% used [0x0000000080000000,0x0000000080ed2ed0,0x0000000084f00000)
 Metaspace       used 45417K, capacity 47180K, committed 47528K, reserved 1089536K
  class space    used 6136K, capacity 6482K, committed 6576K, reserved 1048576K
Event: 8.878 GC heap after
Heap after GC invocations=11 (full 2):
 PSYoungGen      total 242688K, used 14822K [0x00000000d5580000, 0x00000000ea080000, 0x0000000100000000)
  eden space 227840K, 0% used [0x00000000d5580000,0x00000000d5580000,0x00000000e3400000)
  from space 14848K, 99% used [0x00000000e3400000,0x00000000e4279b58,0x00000000e4280000)
  to   space 18432K, 0% used [0x00000000e8e80000,0x00000000e8e80000,0x00000000ea080000)
 ParOldGen       total 80896K, used 18452K [0x0000000080000000, 0x0000000084f00000, 0x00000000d5580000)
  object space 80896K, 22% used [0x0000000080000000,0x0000000081205348,0x0000000084f00000)
 Metaspace       used 45417K, capacity 47180K, committed 47528K, reserved 1089536K
  class space    used 6136K, capacity 6482K, committed 6576K, reserved 1048576K
}
Event: 11.766 GC heap before
{Heap before GC invocations=12 (full 2):
 PSYoungGen      total 242688K, used 159282K [0x00000000d5580000, 0x00000000ea080000, 0x0000000100000000)
  eden space 227840K, 63% used [0x00000000d5580000,0x00000000de292eb8,0x00000000e3400000)
  from space 14848K, 99% used [0x00000000e3400000,0x00000000e4279b58,0x00000000e4280000)
  to   space 18432K, 0% used [0x00000000e8e80000,0x00000000e8e80000,0x00000000ea080000)
 ParOldGen       total 80896K, used 18452K [0x0000000080000000, 0x0000000084f00000, 0x00000000d5580000)
  object space 80896K, 22% used [0x0000000080000000,0x0000000081205348,0x0000000084f00000)
 Metaspace       used 56843K, capacity 59060K, committed 59160K, reserved 1099776K
  class space    used 7701K, capacity 8183K, committed 8240K, reserved 1048576K
Event: 11.800 GC heap after
Heap after GC invocations=12 (full 2):
 PSYoungGen      total 314880K, used 18416K [0x00000000d5580000, 0x00000000ea680000, 0x0000000100000000)
  eden space 296448K, 0% used [0x00000000d5580000,0x00000000d5580000,0x00000000e7700000)
  from space 18432K, 99% used [0x00000000e8e80000,0x00000000ea07c108,0x00000000ea080000)
  to   space 24064K, 0% used [0x00000000e7700000,0x00000000e7700000,0x00000000e8e80000)
 ParOldGen       total 80896K, used 26862K [0x0000000080000000, 0x0000000084f00000, 0x00000000d5580000)
  object space 80896K, 33% used [0x0000000080000000,0x0000000081a3baf0,0x0000000084f00000)
 Metaspace       used 56843K, capacity 59060K, committed 59160K, reserved 1099776K
  class space    used 7701K, capacity 8183K, committed 8240K, reserved 1048576K
}
Event: 11.800 GC heap before
{Heap before GC invocations=13 (full 3):
 PSYoungGen      total 314880K, used 18416K [0x00000000d5580000, 0x00000000ea680000, 0x0000000100000000)
  eden space 296448K, 0% used [0x00000000d5580000,0x00000000d5580000,0x00000000e7700000)
  from space 18432K, 99% used [0x00000000e8e80000,0x00000000ea07c108,0x00000000ea080000)
  to   space 24064K, 0% used [0x00000000e7700000,0x00000000e7700000,0x00000000e8e80000)
 ParOldGen       total 80896K, used 26862K [0x0000000080000000, 0x0000000084f00000, 0x00000000d5580000)
  object space 80896K, 33% used [0x0000000080000000,0x0000000081a3baf0,0x0000000084f00000)
 Metaspace       used 56843K, capacity 59060K, committed 59160K, reserved 1099776K
  class space    used 7701K, capacity 8183K, committed 8240K, reserved 1048576K
Event: 12.094 GC heap after
Heap after GC invocations=13 (full 3):
 PSYoungGen      total 314880K, used 0K [0x00000000d5580000, 0x00000000ea680000, 0x0000000100000000)
  eden space 296448K, 0% used [0x00000000d5580000,0x00000000d5580000,0x00000000e7700000)
  from space 18432K, 0% used [0x00000000e8e80000,0x00000000e8e80000,0x00000000ea080000)
  to   space 24064K, 0% used [0x00000000e7700000,0x00000000e7700000,0x00000000e8e80000)
 ParOldGen       total 128512K, used 39240K [0x0000000080000000, 0x0000000087d80000, 0x00000000d5580000)
  object space 128512K, 30% used [0x0000000080000000,0x0000000082652230,0x0000000087d80000)
 Metaspace       used 56824K, capacity 58994K, committed 59160K, reserved 1099776K
  class space    used 7695K, capacity 8172K, committed 8240K, reserved 1048576K
}

